Determining if the pthread_create exist failed with the following output:
Change Dir: /home/junwoo/study_ws/src/GlobalPlanner/build/CMakeFiles/CMakeTmp

Run Build Command:"/usr/bin/ninja" "cmTC_6bf67"
[1/2] Building C object CMakeFiles/cmTC_6bf67.dir/CheckSymbolExists.c.o
[2/2] Linking C executable cmTC_6bf67
FAILED: cmTC_6bf67 
: && /usr/bin/gcc   -rdynamic CMakeFiles/cmTC_6bf67.dir/CheckSymbolExists.c.o  -o cmTC_6bf67   && :
CMakeFiles/cmTC_6bf67.dir/CheckSymbolExists.c.o: In function `main':
CheckSymbolExists.c:(.text+0x1b): undefined reference to `pthread_create'
collect2: error: ld returned 1 exit status
ninja: build stopped: subcommand failed.

File /home/junwoo/study_ws/src/GlobalPlanner/build/CMakeFiles/CMakeTmp/CheckSymbolExists.c:
/* */
#include <pthread.h>

int main(int argc, char** argv)
{
  (void)argv;
#ifndef pthread_create
  return ((int*)(&pthread_create))[argc];
#else
  (void)argc;
  return 0;
#endif
}

Determining if the function pthread_create exists in the pthreads failed with the following output:
Change Dir: /home/junwoo/study_ws/src/GlobalPlanner/build/CMakeFiles/CMakeTmp

Run Build Command:"/usr/bin/ninja" "cmTC_4dc73"
[1/2] Building C object CMakeFiles/cmTC_4dc73.dir/CheckFunctionExists.c.o
[2/2] Linking C executable cmTC_4dc73
FAILED: cmTC_4dc73 
: && /usr/bin/gcc -DCHECK_FUNCTION_EXISTS=pthread_create  -rdynamic CMakeFiles/cmTC_4dc73.dir/CheckFunctionExists.c.o  -o cmTC_4dc73  -lpthreads && :
/usr/bin/ld: cannot find -lpthreads
collect2: error: ld returned 1 exit status
ninja: build stopped: subcommand failed.


